<?xml version="1.0" encoding="UTF-8"?>
<!-- Generated by org.testng.reporters.JUnitReportReporter -->
<testsuite hostname="ELC-B2TZM93" failures="0" tests="1" name="PracticeTestNG.JoMaloneDemo3" time="95.217" errors="0" timestamp="2025-05-29T16:20:11 IST" skipped="0">
  <testcase classname="PracticeTestNG.JoMaloneDemo3" name="nexusChat" time="95.217"/>
</testsuite> <!-- PracticeTestNG.JoMaloneDemo3 -->
