<?xml version="1.0" encoding="UTF-8"?>
<!-- Generated by org.testng.reporters.JUnitReportReporter -->
<testsuite hostname="ELC-B2TZM93" failures="0" tests="1" name="PracticeTestNG.JoMaloneDemo4" time="87.195" errors="0" timestamp="2025-05-29T16:24:27 IST" skipped="0">
  <testcase classname="PracticeTestNG.JoMaloneDemo4" name="nexusChat" time="87.195"/>
</testsuite> <!-- PracticeTestNG.JoMaloneDemo4 -->
