<?xml version="1.0" encoding="UTF-8"?>
<!-- Generated by org.testng.reporters.JUnitReportReporter -->
<testsuite hostname="ELC-B2TZM93" failures="0" tests="2" name="Package2.Facebook" time="9.911" errors="0" timestamp="2025-06-08T16:14:49 IST" skipped="0">
  <testcase classname="Package2.Facebook" name="setUp" time="4.813"/>
  <testcase classname="Package2.Facebook" name="nexusChat" time="5.098"/>
</testsuite> <!-- Package2.Facebook -->
