<?xml version="1.0" encoding="UTF-8"?>
<!-- Generated by org.testng.reporters.JUnitReportReporter -->
<testsuite hostname="ELC-B2TZM93" failures="0" tests="6" name="Package2.JoMaloneExtent1" time="166.247" errors="0" timestamp="2025-06-09T12:47:46 IST" skipped="0">
  <testcase classname="Package2.JoMaloneExtent1" name="setUp" time="25.679"/>
  <testcase classname="Package2.JoMaloneExtent1" name="nexusChat" time="11.791"/>
  <testcase classname="Package2.JoMaloneExtent1" name="WlcmMsgVerification" time="49.860"/>
  <testcase classname="Package2.JoMaloneExtent1" name="haveOrdNum" time="7.749"/>
  <testcase classname="Package2.JoMaloneExtent1" name="credentials" time="55.850"/>
  <testcase classname="Package2.JoMaloneExtent1" name="expFeedCon" time="15.318"/>
</testsuite> <!-- Package2.JoMaloneExtent1 -->
