<?xml version="1.0" encoding="UTF-8"?>
<!-- Generated by org.testng.reporters.JUnitReportReporter -->
<testsuite hostname="ELC-B2TZM93" failures="0" tests="3" name="PracticeTestNG.JoMaloneDemo" time="320.680" errors="0" timestamp="2025-05-28T11:15:43 IST" skipped="0">
  <testcase classname="PracticeTestNG.JoMaloneDemo" name="nexusChat" time="111.049"/>
  <testcase classname="PracticeTestNG.JoMaloneDemo" name="nexusChat" time="108.188"/>
  <testcase classname="PracticeTestNG.JoMaloneDemo" name="nexusChat" time="101.443"/>
</testsuite> <!-- PracticeTestNG.JoMaloneDemo -->
