<?xml version="1.0" encoding="UTF-8"?>
<!-- Generated by org.testng.reporters.JUnitReportReporter -->
<testsuite hostname="ELC-B2TZM93" failures="0" tests="1" name="PracticeTestNG.SampleExtentReport" time="100.073" errors="0" timestamp="2025-06-05T19:29:21 IST" skipped="0">
  <testcase classname="PracticeTestNG.SampleExtentReport" name="nexusChat" time="100.073"/>
</testsuite> <!-- PracticeTestNG.SampleExtentReport -->
