<?xml version="1.0" encoding="UTF-8"?>
<!-- Generated by org.testng.reporters.JUnitReportReporter -->
<testsuite hostname="ELC-B2TZM93" failures="0" tests="1" name="PracticeTestNG.JoMaloneInvEmail" time="133.821" errors="0" timestamp="2025-06-04T16:02:01 IST" skipped="0">
  <testcase classname="PracticeTestNG.JoMaloneInvEmail" name="nexusChat" time="133.821"/>
</testsuite> <!-- PracticeTestNG.JoMaloneInvEmail -->
