<?xml version="1.0" encoding="UTF-8"?>
<!-- Generated by org.testng.reporters.JUnitReportReporter -->
<testsuite hostname="ELC-B2TZM93" failures="0" tests="6" name="Package2.JoMalone1" time="93.845" errors="0" timestamp="2025-06-07T12:47:36 IST" skipped="0">
  <testcase classname="Package2.JoMalone1" name="setUp" time="15.068"/>
  <testcase classname="Package2.JoMalone1" name="nexusChat" time="8.505"/>
  <testcase classname="Package2.JoMalone1" name="WlcmMsgVerification" time="13.178"/>
  <testcase classname="Package2.JoMalone1" name="haveOrdNum" time="3.952"/>
  <testcase classname="Package2.JoMalone1" name="credentials" time="39.020"/>
  <testcase classname="Package2.JoMalone1" name="expFeedCon" time="14.122"/>
</testsuite> <!-- Package2.JoMalone1 -->
