<?xml version="1.0" encoding="UTF-8"?>
<!-- Generated by org.testng.reporters.JUnitReportReporter -->
<testsuite hostname="ELC-B2TZM93" failures="0" tests="1" name="PracticeTestNG.ElcTestngDemo1" time="52.066" errors="0" timestamp="2025-05-23T11:10:41 IST" skipped="0">
  <testcase classname="PracticeTestNG.ElcTestngDemo1" name="nexusTest" time="52.066"/>
</testsuite> <!-- PracticeTestNG.ElcTestngDemo1 -->
