<?xml version="1.0" encoding="UTF-8"?>
<!-- Generated by org.testng.reporters.JUnitReportReporter -->
<testsuite hostname="ELC-B2TZM93" failures="0" tests="24" name="PracticeTestNG.ElcTestngDemo" time="160.457" errors="0" timestamp="2025-05-16T15:49:23 IST" skipped="1">
  <testcase classname="PracticeTestNG.ElcTestngDemo" name="setUp" time="11.025"/>
  <testcase classname="PracticeTestNG.ElcTestngDemo" name="intialiseWait" time="0.009"/>
  <testcase classname="PracticeTestNG.ElcTestngDemo" name="closeDialougeBox" time="0.002"/>
  <testcase classname="PracticeTestNG.ElcTestngDemo" name="bestSeller" time="21.408"/>
  <testcase classname="PracticeTestNG.ElcTestngDemo" name="selectProd" time="2.148"/>
  <testcase classname="PracticeTestNG.ElcTestngDemo" name="dropDown" time="4.474"/>
  <testcase classname="PracticeTestNG.ElcTestngDemo" name="addToBag" time="0.304"/>
  <testcase classname="PracticeTestNG.ElcTestngDemo" name="viewMyBag" time="18.644"/>
  <testcase classname="PracticeTestNG.ElcTestngDemo" name="removeItem" time="0.237"/>
  <testcase classname="PracticeTestNG.ElcTestngDemo" name="backToHome" time="5.606"/>
  <testcase classname="PracticeTestNG.ElcTestngDemo" name="clickOnLiveChat" time="4.242"/>
  <testcase classname="PracticeTestNG.ElcTestngDemo" name="msgVerification" time="8.149"/>
  <testcase classname="PracticeTestNG.ElcTestngDemo" name="enterMsg" time="0.111"/>
  <testcase classname="PracticeTestNG.ElcTestngDemo" name="sendMsg" time="0.171"/>
  <testcase classname="PracticeTestNG.ElcTestngDemo" name="inquiryMsg" time="16.553"/>
  <testcase classname="PracticeTestNG.ElcTestngDemo" name="clickOnEmojiBtn" time="5.261"/>
  <testcase classname="PracticeTestNG.ElcTestngDemo" name="slctEmoji" time="0.434"/>
  <testcase classname="PracticeTestNG.ElcTestngDemo" name="sndEmoji" time="0.272"/>
  <testcase classname="PracticeTestNG.ElcTestngDemo" name="plusIcon" time="3.547"/>
  <testcase classname="PracticeTestNG.ElcTestngDemo" name="clickOnLiveChat1" time="1.923"/>
  <testcase classname="PracticeTestNG.ElcTestngDemo" name="trackOrder" time="24.025"/>
  <testcase classname="PracticeTestNG.ElcTestngDemo" name="rtnExchange" time="18.730"/>
  <testcase classname="PracticeTestNG.ElcTestngDemo" name="attacthments" time="13.182"/>
  <testcase classname="PracticeTestNG.ElcTestngDemo" name="closeBrowser">
    <skipped/>
  </testcase> <!-- closeBrowser -->
</testsuite> <!-- PracticeTestNG.ElcTestngDemo -->
